SF:lib/data/local/database.g.dart
DA:10,6
DA:13,12
DA:15,6
DA:20,6
DA:26,12
DA:28,6
DA:37,12
DA:39,6
DA:48,12
DA:50,6
DA:59,12
DA:61,6
DA:70,12
DA:72,6
DA:81,12
DA:83,6
DA:93,12
DA:95,6
DA:105,12
DA:107,6
DA:112,6
DA:113,6
DA:114,6
DA:115,6
DA:116,6
DA:117,6
DA:118,6
DA:119,6
DA:120,6
DA:121,6
DA:122,6
DA:124,6
DA:125,12
DA:126,6
DA:129,6
DA:134,6
DA:135,6
DA:136,6
DA:137,4
DA:139,6
DA:140,6
DA:142,18
DA:145,0
DA:147,6
DA:148,6
DA:150,18
DA:153,0
DA:155,6
DA:156,6
DA:158,18
DA:161,0
DA:163,6
DA:164,6
DA:166,18
DA:169,0
DA:171,6
DA:172,6
DA:174,18
DA:177,0
DA:179,6
DA:180,6
DA:182,12
DA:183,6
DA:188,0
DA:190,6
DA:191,1
DA:193,3
DA:196,6
DA:197,6
DA:199,18
DA:202,0
DA:207,6
DA:208,6
DA:209,1
DA:211,0
DA:212,1
DA:214,3
DA:216,2
DA:219,3
DA:221,2
DA:224,3
DA:226,2
DA:229,3
DA:231,2
DA:234,3
DA:236,2
DA:239,3
DA:241,2
DA:244,3
DA:246,2
DA:249,3
DA:251,2
DA:254,3
DA:256,2
DA:261,0
DA:263,0
DA:277,1
DA:288,1
DA:290,1
DA:291,3
DA:292,3
DA:293,3
DA:294,3
DA:295,3
DA:296,3
DA:297,3
DA:298,3
DA:299,3
DA:303,0
DA:304,0
DA:305,0
DA:306,0
DA:307,0
DA:308,0
DA:309,0
DA:310,0
DA:311,0
DA:312,0
DA:313,0
DA:317,0
DA:321,0
DA:322,0
DA:323,0
DA:324,0
DA:325,0
DA:326,0
DA:327,0
DA:328,0
DA:329,0
DA:330,0
DA:331,0
DA:334,0
DA:336,0
DA:337,0
DA:338,0
DA:339,0
DA:340,0
DA:341,0
DA:342,0
DA:343,0
DA:344,0
DA:345,0
DA:346,0
DA:350,0
DA:360,0
DA:361,0
DA:362,0
DA:363,0
DA:364,0
DA:365,0
DA:366,0
DA:367,0
DA:368,0
DA:369,0
DA:371,0
DA:372,0
DA:373,0
DA:374,0
DA:375,0
DA:376,0
DA:377,0
DA:378,0
DA:380,0
DA:381,0
DA:382,0
DA:383,0
DA:384,0
DA:388,0
DA:390,0
DA:391,0
DA:392,0
DA:393,0
DA:394,0
DA:395,0
DA:396,0
DA:397,0
DA:398,0
DA:399,0
DA:400,0
DA:401,0
DA:404,0
DA:405,0
DA:406,0
DA:407,0
DA:408,0
DA:409,0
DA:410,0
DA:411,0
DA:412,0
DA:413,0
DA:414,0
DA:416,0
DA:419,0
DA:420,0
DA:421,0
DA:422,0
DA:423,0
DA:424,0
DA:425,0
DA:426,0
DA:427,0
DA:428,0
DA:441,0
DA:452,6
DA:462,6
DA:463,6
DA:464,6
DA:465,6
DA:466,6
DA:467,6
DA:468,6
DA:469,0
DA:480,0
DA:481,0
DA:482,0
DA:483,0
DA:484,0
DA:485,0
DA:486,0
DA:487,0
DA:488,0
DA:489,0
DA:493,0
DA:504,0
DA:505,0
DA:506,0
DA:507,0
DA:508,0
DA:509,0
DA:510,0
DA:511,0
DA:512,0
DA:513,0
DA:517,6
DA:519,6
DA:520,12
DA:521,0
DA:523,12
DA:524,24
DA:526,12
DA:527,24
DA:529,12
DA:530,24
DA:532,12
DA:533,24
DA:535,12
DA:536,24
DA:538,12
DA:539,24
DA:541,12
DA:542,0
DA:544,12
DA:545,24
DA:550,0
DA:552,0
DA:553,0
DA:554,0
DA:555,0
DA:556,0
DA:557,0
DA:558,0
DA:559,0
DA:560,0
DA:561,0
DA:562,0
DA:563,0
DA:572,6
DA:575,12
DA:577,6
DA:582,6
DA:588,12
DA:590,6
DA:596,6
DA:597,6
DA:599,6
DA:604,6
DA:605,6
DA:611,12
DA:613,6
DA:623,12
DA:625,6
DA:630,6
DA:631,36
DA:632,6
DA:633,12
DA:634,6
DA:637,6
DA:642,6
DA:643,6
DA:644,6
DA:645,0
DA:647,6
DA:648,6
DA:650,18
DA:653,0
DA:655,6
DA:656,0
DA:658,0
DA:661,6
DA:662,6
DA:664,18
DA:667,0
DA:672,6
DA:673,6
DA:674,1
DA:676,0
DA:677,1
DA:679,3
DA:681,2
DA:684,3
DA:686,2
DA:688,2
DA:689,3
DA:691,2
DA:695,3
DA:697,2
DA:700,3
DA:702,2
DA:707,0
DA:709,0
DA:712,12
DA:723,3
DA:730,0
DA:732,0
DA:733,0
DA:734,0
DA:736,0
DA:737,0
DA:740,0
DA:741,0
DA:745,0
DA:746,0
DA:747,0
DA:748,0
DA:749,0
DA:750,0
DA:751,0
DA:755,0
DA:759,0
DA:760,0
DA:761,0
DA:762,0
DA:763,0
DA:764,0
DA:765,0
DA:768,0
DA:770,0
DA:771,0
DA:772,0
DA:773,0
DA:774,0
DA:775,0
DA:776,0
DA:780,0
DA:786,0
DA:787,0
DA:788,0
DA:789,0
DA:790,0
DA:791,0
DA:793,0
DA:794,0
DA:795,0
DA:796,0
DA:797,0
DA:798,0
DA:799,0
DA:803,0
DA:805,0
DA:806,0
DA:807,0
DA:808,0
DA:809,0
DA:810,0
DA:811,0
DA:812,0
DA:815,0
DA:816,0
DA:817,1
DA:820,0
DA:821,0
DA:822,0
DA:823,0
DA:824,0
DA:825,0
DA:835,1
DA:842,7
DA:848,7
DA:849,7
DA:850,0
DA:857,0
DA:858,0
DA:859,0
DA:860,0
DA:861,0
DA:862,0
DA:866,0
DA:873,0
DA:874,0
DA:875,0
DA:876,0
DA:877,0
DA:878,0
DA:882,6
DA:884,6
DA:885,12
DA:886,0
DA:888,12
DA:889,24
DA:891,12
DA:892,12
DA:893,24
DA:896,12
DA:897,0
DA:899,12
DA:900,24
DA:905,0
DA:907,0
DA:908,0
DA:909,0
DA:910,0
DA:911,0
DA:912,0
DA:913,0
DA:914,0
DA:922,6
DA:925,12
DA:927,6
DA:932,6
DA:937,6
DA:938,6
DA:940,6
DA:944,12
DA:949,12
DA:951,6
DA:958,12
DA:960,6
DA:969,12
DA:971,6
DA:980,12
DA:982,6
DA:991,12
DA:993,6
DA:999,6
DA:1000,6
DA:1002,6
DA:1006,12
DA:1011,12
DA:1013,6
DA:1022,12
DA:1024,6
DA:1034,12
DA:1036,6
DA:1041,6
DA:1042,6
DA:1043,6
DA:1044,6
DA:1045,6
DA:1046,6
DA:1047,6
DA:1048,6
DA:1049,6
DA:1050,6
DA:1051,6
DA:1052,6
DA:1053,6
DA:1055,6
DA:1056,12
DA:1057,6
DA:1060,2
DA:1065,2
DA:1066,2
DA:1067,2
DA:1068,4
DA:1070,2
DA:1071,2
DA:1073,4
DA:1074,2
DA:1079,0
DA:1081,2
DA:1082,2
DA:1084,6
DA:1087,0
DA:1089,2
DA:1090,2
DA:1092,4
DA:1093,2
DA:1098,0
DA:1100,2
DA:1101,2
DA:1103,6
DA:1106,0
DA:1108,2
DA:1109,2
DA:1111,6
DA:1114,0
DA:1116,2
DA:1117,2
DA:1119,4
DA:1120,2
DA:1125,0
DA:1127,2
DA:1128,0
DA:1130,0
DA:1133,2
DA:1134,2
DA:1136,6
DA:1139,0
DA:1144,6
DA:1145,6
DA:1146,1
DA:1148,0
DA:1149,1
DA:1151,3
DA:1153,2
DA:1155,2
DA:1156,3
DA:1158,2
DA:1162,3
DA:1164,2
DA:1167,3
DA:1169,2
DA:1172,3
DA:1174,2
DA:1177,3
DA:1179,2
DA:1182,3
DA:1184,2
DA:1186,2
DA:1187,3
DA:1189,2
DA:1193,3
DA:1195,2
DA:1198,3
DA:1200,2
DA:1203,3
DA:1205,2
DA:1210,0
DA:1212,0
DA:1215,12
DA:1217,12
DA:1233,3
DA:1246,0
DA:1248,0
DA:1249,0
DA:1251,0
DA:1253,0
DA:1254,0
DA:1255,0
DA:1256,0
DA:1257,0
DA:1259,0
DA:1260,0
DA:1263,0
DA:1264,0
DA:1265,0
DA:1269,0
DA:1270,0
DA:1271,0
DA:1272,0
DA:1273,0
DA:1274,0
DA:1275,0
DA:1276,0
DA:1277,0
DA:1278,0
DA:1279,0
DA:1280,0
DA:1281,0
DA:1285,0
DA:1289,0
DA:1290,0
DA:1291,0
DA:1292,0
DA:1293,0
DA:1294,0
DA:1295,0
DA:1296,0
DA:1297,0
DA:1298,0
DA:1299,0
DA:1300,0
DA:1301,0
DA:1304,0
DA:1306,0
DA:1307,0
DA:1308,0
DA:1309,0
DA:1310,0
DA:1311,0
DA:1312,0
DA:1313,0
DA:1314,0
DA:1315,0
DA:1316,0
DA:1317,0
DA:1318,0
DA:1322,0
DA:1334,0
DA:1335,0
DA:1336,0
DA:1337,0
DA:1338,0
DA:1339,0
DA:1340,0
DA:1341,0
DA:1342,0
DA:1343,0
DA:1344,0
DA:1345,0
DA:1347,0
DA:1348,0
DA:1349,0
DA:1350,0
DA:1352,0
DA:1353,0
DA:1354,0
DA:1355,0
DA:1357,0
DA:1358,0
DA:1359,0
DA:1360,0
DA:1362,0
DA:1363,0
DA:1364,0
DA:1365,0
DA:1366,0
DA:1370,0
DA:1372,0
DA:1373,0
DA:1374,0
DA:1375,0
DA:1376,0
DA:1377,0
DA:1378,0
DA:1379,0
DA:1380,0
DA:1381,0
DA:1382,0
DA:1383,0
DA:1384,0
DA:1385,0
DA:1388,0
DA:1389,0
DA:1390,0
DA:1391,0
DA:1392,0
DA:1393,0
DA:1394,0
DA:1395,0
DA:1396,0
DA:1397,0
DA:1398,0
DA:1399,0
DA:1400,0
DA:1402,0
DA:1405,0
DA:1406,0
DA:1407,0
DA:1408,0
DA:1409,0
DA:1410,0
DA:1411,0
DA:1412,0
DA:1413,0
DA:1414,0
DA:1415,0
DA:1416,0
DA:1431,1
DA:1444,3
DA:1456,3
DA:1457,3
DA:1458,3
DA:1459,3
DA:1460,3
DA:1461,3
DA:1462,3
DA:1463,3
DA:1464,3
DA:1465,0
DA:1478,0
DA:1479,0
DA:1480,0
DA:1481,0
DA:1482,0
DA:1483,0
DA:1484,0
DA:1485,0
DA:1486,0
DA:1487,0
DA:1488,0
DA:1489,0
DA:1493,0
DA:1506,0
DA:1507,0
DA:1508,0
DA:1509,0
DA:1510,0
DA:1511,0
DA:1512,0
DA:1513,0
DA:1514,0
DA:1515,0
DA:1516,0
DA:1517,0
DA:1521,2
DA:1523,2
DA:1524,4
DA:1525,4
DA:1527,4
DA:1528,4
DA:1529,8
DA:1532,4
DA:1533,8
DA:1535,4
DA:1536,8
DA:1538,4
DA:1539,8
DA:1541,4
DA:1542,8
DA:1544,4
DA:1545,8
DA:1547,4
DA:1548,4
DA:1549,8
DA:1552,4
DA:1553,8
DA:1555,4
DA:1556,0
DA:1558,4
DA:1559,8
DA:1564,0
DA:1566,0
DA:1567,0
DA:1568,0
DA:1569,0
DA:1570,0
DA:1571,0
DA:1572,0
DA:1573,0
DA:1574,0
DA:1575,0
DA:1576,0
DA:1577,0
DA:1578,0
DA:1579,0
DA:1588,6
DA:1591,12
DA:1593,6
DA:1598,6
DA:1606,12
DA:1608,6
DA:1618,12
DA:1620,6
DA:1627,6
DA:1628,6
DA:1630,6
DA:1634,12
DA:1639,12
DA:1641,6
DA:1649,12
DA:1651,6
DA:1660,12
DA:1662,6
DA:1672,12
DA:1674,6
DA:1684,12
DA:1686,6
DA:1693,12
DA:1695,6
DA:1702,12
DA:1704,6
DA:1713,12
DA:1715,6
DA:1725,12
DA:1727,6
DA:1732,6
DA:1733,6
DA:1734,6
DA:1735,6
DA:1736,6
DA:1737,6
DA:1738,6
DA:1739,6
DA:1740,6
DA:1741,6
DA:1742,6
DA:1743,6
DA:1744,6
DA:1745,6
DA:1746,6
DA:1748,6
DA:1749,12
DA:1750,6
DA:1753,2
DA:1758,2
DA:1759,2
DA:1760,2
DA:1761,4
DA:1763,2
DA:1764,1
DA:1766,2
DA:1767,1
DA:1772,2
DA:1773,1
DA:1775,2
DA:1776,1
DA:1781,2
DA:1782,1
DA:1784,3
DA:1787,2
DA:1788,1
DA:1790,3
DA:1793,2
DA:1794,0
DA:1796,0
DA:1797,0
DA:1802,2
DA:1803,1
DA:1805,3
DA:1808,2
DA:1809,2
DA:1811,4
DA:1812,2
DA:1817,0
DA:1819,2
DA:1820,2
DA:1822,6
DA:1825,0
DA:1827,2
DA:1828,2
DA:1830,6
DA:1833,2
DA:1834,0
DA:1836,0
DA:1839,2
DA:1840,2
DA:1842,6
DA:1845,0
DA:1850,6
DA:1851,6
DA:1852,2
DA:1854,0
DA:1855,2
DA:1857,6
DA:1859,4
DA:1861,6
DA:1863,4
DA:1865,6
DA:1867,4
DA:1869,4
DA:1870,6
DA:1872,4
DA:1875,6
DA:1877,4
DA:1879,6
DA:1881,4
DA:1883,6
DA:1885,4
DA:1887,6
DA:1889,4
DA:1892,6
DA:1894,4
DA:1897,6
DA:1899,4
DA:1901,6
DA:1903,4
DA:1906,6
DA:1908,4
DA:1911,6
DA:1913,4
DA:1918,0
DA:1920,0
DA:1923,12
DA:1941,3
DA:1956,0
DA:1958,0
DA:1959,0
DA:1960,0
DA:1961,0
DA:1963,0
DA:1964,0
DA:1967,0
DA:1968,0
DA:1971,0
DA:1972,0
DA:1974,0
DA:1975,0
DA:1977,0
DA:1978,0
DA:1980,0
DA:1981,0
DA:1983,0
DA:1984,0
DA:1985,0
DA:1986,0
DA:1988,0
DA:1989,0
DA:1993,0
DA:1994,0
DA:1995,0
DA:1997,0
DA:1999,0
DA:2001,0
DA:2003,0
DA:2004,0
DA:2006,0
DA:2008,0
DA:2010,0
DA:2012,0
DA:2014,0
DA:2016,0
DA:2018,0
DA:2019,0
DA:2020,0
DA:2021,0
DA:2022,0
DA:2023,0
DA:2027,0
DA:2031,0
DA:2032,0
DA:2033,0
DA:2034,0
DA:2035,0
DA:2036,0
DA:2037,0
DA:2038,0
DA:2039,0
DA:2040,0
DA:2042,0
DA:2043,0
DA:2044,0
DA:2045,0
DA:2046,0
DA:2047,0
DA:2050,0
DA:2052,0
DA:2053,0
DA:2054,0
DA:2055,0
DA:2056,0
DA:2057,0
DA:2058,0
DA:2059,0
DA:2060,0
DA:2061,0
DA:2062,0
DA:2063,0
DA:2064,0
DA:2065,0
DA:2066,0
DA:2070,0
DA:2084,0
DA:2085,0
DA:2087,0
DA:2089,0
DA:2090,0
DA:2091,0
DA:2092,0
DA:2093,0
DA:2094,0
DA:2096,0
DA:2097,0
DA:2098,0
DA:2099,0
DA:2100,0
DA:2101,0
DA:2102,0
DA:2103,0
DA:2104,0
DA:2106,0
DA:2107,0
DA:2108,0
DA:2110,0
DA:2111,0
DA:2112,0
DA:2114,0
DA:2115,0
DA:2116,0
DA:2117,0
DA:2119,0
DA:2120,0
DA:2122,0
DA:2123,0
DA:2124,0
DA:2125,0
DA:2127,0
DA:2128,0
DA:2129,0
DA:2130,0
DA:2131,0
DA:2135,0
DA:2137,0
DA:2138,0
DA:2139,0
DA:2140,0
DA:2141,0
DA:2142,0
DA:2143,0
DA:2144,0
DA:2145,0
DA:2146,0
DA:2147,0
DA:2148,0
DA:2149,0
DA:2150,0
DA:2151,0
DA:2152,0
DA:2155,0
DA:2156,0
DA:2157,0
DA:2158,0
DA:2159,0
DA:2160,0
DA:2161,0
DA:2162,0
DA:2163,0
DA:2164,0
DA:2165,0
DA:2166,0
DA:2167,0
DA:2168,0
DA:2169,0
DA:2171,0
DA:2174,0
DA:2175,0
DA:2176,0
DA:2177,0
DA:2178,0
DA:2179,0
DA:2180,0
DA:2181,0
DA:2182,0
DA:2183,0
DA:2184,0
DA:2185,0
DA:2186,0
DA:2187,0
DA:2204,4
DA:2219,3
DA:2233,3
DA:2234,3
DA:2235,3
DA:2236,3
DA:2237,0
DA:2252,0
DA:2253,0
DA:2254,0
DA:2255,0
DA:2256,0
DA:2257,0
DA:2258,0
DA:2260,0
DA:2261,0
DA:2262,0
DA:2263,0
DA:2264,0
DA:2265,0
DA:2266,0
DA:2270,0
DA:2285,0
DA:2286,0
DA:2287,0
DA:2288,0
DA:2289,0
DA:2290,0
DA:2291,0
DA:2293,0
DA:2294,0
DA:2295,0
DA:2296,0
DA:2297,0
DA:2298,0
DA:2299,0
DA:2303,2
DA:2305,2
DA:2306,4
DA:2307,4
DA:2309,4
DA:2310,4
DA:2312,4
DA:2313,4
DA:2315,4
DA:2316,4
DA:2317,8
DA:2320,4
DA:2321,4
DA:2323,4
DA:2324,4
DA:2326,4
DA:2327,0
DA:2328,0
DA:2331,4
DA:2332,4
DA:2334,4
DA:2335,8
DA:2337,4
DA:2338,8
DA:2340,4
DA:2341,8
DA:2343,4
DA:2344,0
DA:2346,4
DA:2347,8
DA:2352,0
DA:2354,0
DA:2355,0
DA:2356,0
DA:2357,0
DA:2358,0
DA:2359,0
DA:2360,0
DA:2361,0
DA:2362,0
DA:2363,0
DA:2364,0
DA:2365,0
DA:2366,0
DA:2367,0
DA:2368,0
DA:2369,0
DA:2378,6
DA:2381,12
DA:2383,6
DA:2388,6
DA:2394,12
DA:2396,6
DA:2403,12
DA:2405,6
DA:2409,12
DA:2414,12
DA:2416,6
DA:2422,6
DA:2423,30
DA:2424,6
DA:2425,12
DA:2426,6
DA:2429,6
DA:2434,6
DA:2435,6
DA:2436,6
DA:2437,4
DA:2439,6
DA:2440,6
DA:2442,18
DA:2445,0
DA:2447,6
DA:2448,1
DA:2450,3
DA:2456,6
DA:2457,6
DA:2458,2
DA:2460,0
DA:2461,2
DA:2463,6
DA:2465,4
DA:2468,6
DA:2470,4
DA:2472,4
DA:2473,6
DA:2475,4
DA:2479,6
DA:2481,4
DA:2486,0
DA:2488,0
DA:2491,12
DA:2500,2
DA:2506,1
DA:2508,1
DA:2509,3
DA:2510,3
DA:2512,2
DA:2513,3
DA:2516,3
DA:2520,0
DA:2521,0
DA:2522,0
DA:2523,0
DA:2524,0
DA:2525,0
DA:2529,0
DA:2533,0
DA:2534,0
DA:2535,0
DA:2536,0
DA:2537,0
DA:2538,0
DA:2541,0
DA:2543,0
DA:2544,0
DA:2545,0
DA:2546,0
DA:2547,0
DA:2548,0
DA:2552,0
DA:2557,0
DA:2558,0
DA:2559,0
DA:2560,0
DA:2561,0
DA:2563,0
DA:2564,0
DA:2565,0
DA:2566,0
DA:2567,0
DA:2568,0
DA:2572,0
DA:2574,0
DA:2575,0
DA:2576,0
DA:2577,0
DA:2578,0
DA:2579,0
DA:2580,0
DA:2583,0
DA:2584,0
DA:2585,0
DA:2588,0
DA:2589,0
DA:2590,0
DA:2591,0
DA:2592,0
DA:2600,0
DA:2606,6
DA:2611,6
DA:2612,6
DA:2613,0
DA:2619,0
DA:2620,0
DA:2621,0
DA:2622,0
DA:2623,0
DA:2627,0
DA:2633,0
DA:2634,0
DA:2635,0
DA:2636,0
DA:2637,0
DA:2641,6
DA:2643,6
DA:2644,12
DA:2645,0
DA:2647,12
DA:2648,24
DA:2650,12
DA:2651,12
DA:2652,24
DA:2655,12
DA:2656,0
DA:2661,0
DA:2663,0
DA:2664,0
DA:2665,0
DA:2666,0
DA:2667,0
DA:2668,0
DA:2669,0
DA:2677,6
DA:2680,12
DA:2682,6
DA:2687,6
DA:2693,12
DA:2695,6
DA:2702,12
DA:2704,6
DA:2710,6
DA:2711,6
DA:2713,6
DA:2717,12
DA:2722,12
DA:2724,6
DA:2733,12
DA:2735,6
DA:2745,12
DA:2747,6
DA:2752,6
DA:2753,6
DA:2754,6
DA:2755,6
DA:2756,6
DA:2757,6
DA:2758,6
DA:2759,6
DA:2760,6
DA:2762,6
DA:2763,12
DA:2764,6
DA:2767,1
DA:2772,1
DA:2773,1
DA:2774,1
DA:2775,0
DA:2777,1
DA:2778,1
DA:2780,3
DA:2783,0
DA:2785,1
DA:2786,1
DA:2788,3
DA:2791,0
DA:2793,1
DA:2794,1
DA:2796,3
DA:2799,0
DA:2801,1
DA:2802,0
DA:2804,0
DA:2807,1
DA:2808,1
DA:2810,3
DA:2813,0
DA:2818,6
DA:2819,6
DA:2820,1
DA:2822,0
DA:2823,1
DA:2825,3
DA:2827,2
DA:2830,3
DA:2832,2
DA:2835,3
DA:2837,2
DA:2839,2
DA:2840,3
DA:2842,2
DA:2846,3
DA:2848,2
DA:2851,3
DA:2853,2
DA:2856,3
DA:2858,2
DA:2863,0
DA:2865,0
DA:2868,12
DA:2880,3
DA:2889,0
DA:2891,0
DA:2892,0
DA:2893,0
DA:2894,0
DA:2896,0
DA:2897,0
DA:2900,0
DA:2901,0
DA:2902,0
DA:2906,0
DA:2907,0
DA:2908,0
DA:2909,0
DA:2910,0
DA:2911,0
DA:2912,0
DA:2913,0
DA:2914,0
DA:2918,0
DA:2922,0
DA:2923,0
DA:2924,0
DA:2925,0
DA:2926,0
DA:2927,0
DA:2928,0
DA:2929,0
DA:2930,0
DA:2933,0
DA:2935,0
DA:2936,0
DA:2937,0
DA:2938,0
DA:2939,0
DA:2940,0
DA:2941,0
DA:2942,0
DA:2943,0
DA:2947,0
DA:2955,0
DA:2956,0
DA:2957,0
DA:2958,0
DA:2959,0
DA:2960,0
DA:2961,0
DA:2962,0
DA:2964,0
DA:2965,0
DA:2966,0
DA:2967,0
DA:2968,0
DA:2969,0
DA:2970,0
DA:2971,0
DA:2972,0
DA:2976,0
DA:2978,0
DA:2979,0
DA:2980,0
DA:2981,0
DA:2982,0
DA:2983,0
DA:2984,0
DA:2985,0
DA:2986,0
DA:2987,0
DA:2990,0
DA:2992,0
DA:2993,0
DA:2996,0
DA:2997,0
DA:2998,0
DA:2999,0
DA:3000,0
DA:3001,0
DA:3002,0
DA:3003,0
DA:3014,0
DA:3023,2
DA:3031,2
DA:3032,2
DA:3033,2
DA:3034,2
DA:3035,2
DA:3036,0
DA:3045,0
DA:3046,0
DA:3047,0
DA:3048,0
DA:3049,0
DA:3050,0
DA:3051,0
DA:3052,0
DA:3056,0
DA:3065,0
DA:3066,0
DA:3067,0
DA:3068,0
DA:3069,0
DA:3070,0
DA:3071,0
DA:3072,0
DA:3076,1
DA:3078,1
DA:3079,2
DA:3080,0
DA:3082,2
DA:3083,4
DA:3085,2
DA:3086,4
DA:3088,2
DA:3089,2
DA:3090,4
DA:3093,2
DA:3094,4
DA:3096,2
DA:3097,0
DA:3099,2
DA:3100,4
DA:3105,0
DA:3107,0
DA:3108,0
DA:3109,0
DA:3110,0
DA:3111,0
DA:3112,0
DA:3113,0
DA:3114,0
DA:3115,0
DA:3116,0
DA:3121,12
DA:3122,0
DA:3123,12
DA:3124,6
DA:3125,6
DA:3126,12
DA:3127,12
DA:3128,12
DA:3129,12
DA:3130,0
DA:3132,0
DA:3133,6
DA:3134,6
DA:3135,6
DA:3136,6
DA:3137,6
DA:3138,6
DA:3139,6
DA:3140,6
DA:3171,0
DA:3178,0
DA:3179,0
DA:3180,0
DA:3183,0
DA:3184,0
DA:3185,0
DA:3188,0
DA:3189,0
DA:3190,0
DA:3193,0
DA:3194,0
DA:3195,0
DA:3198,0
DA:3199,0
DA:3200,0
DA:3203,0
DA:3204,0
DA:3205,0
DA:3208,0
DA:3209,0
DA:3210,0
DA:3213,0
DA:3214,0
DA:3215,0
DA:3218,0
DA:3219,0
DA:3220,0
DA:3226,0
DA:3233,0
DA:3234,0
DA:3235,0
DA:3238,0
DA:3239,0
DA:3240,0
DA:3243,0
DA:3244,0
DA:3245,0
DA:3248,0
DA:3249,0
DA:3250,0
DA:3253,0
DA:3254,0
DA:3255,0
DA:3258,0
DA:3259,0
DA:3260,0
DA:3263,0
DA:3264,0
DA:3265,0
DA:3268,0
DA:3269,0
DA:3270,0
DA:3273,0
DA:3274,0
DA:3275,0
DA:3281,0
DA:3288,0
DA:3289,0
DA:3291,0
DA:3292,0
DA:3294,0
DA:3295,0
DA:3297,0
DA:3298,0
DA:3300,0
DA:3301,0
DA:3303,0
DA:3304,0
DA:3306,0
DA:3307,0
DA:3308,0
DA:3311,0
DA:3312,0
DA:3314,0
DA:3315,0
DA:3333,0
DA:3334,0
DA:3335,0
DA:3339,0
DA:3341,0
DA:3343,0
DA:3345,0
DA:3355,0
DA:3367,0
DA:3377,0
DA:3389,0
DA:3391,0
DA:3392,0
DA:3393,0
DA:3394,0
DA:3397,0
DA:3436,0
DA:3443,0
DA:3444,0
DA:3445,0
DA:3448,0
DA:3449,0
DA:3450,0
DA:3453,0
DA:3454,0
DA:3455,0
DA:3456,0
DA:3459,0
DA:3460,0
DA:3461,0
DA:3464,0
DA:3465,0
DA:3466,0
DA:3472,0
DA:3479,0
DA:3480,0
DA:3481,0
DA:3484,0
DA:3485,0
DA:3486,0
DA:3489,0
DA:3490,0
DA:3491,0
DA:3494,0
DA:3495,0
DA:3496,0
DA:3499,0
DA:3500,0
DA:3501,0
DA:3507,0
DA:3514,0
DA:3515,0
DA:3517,0
DA:3518,0
DA:3520,0
DA:3521,0
DA:3523,0
DA:3524,0
DA:3526,0
DA:3527,0
DA:3552,0
DA:3555,0
DA:3556,0
DA:3560,0
DA:3565,0
DA:3570,0
DA:3575,0
DA:3581,0
DA:3589,0
DA:3595,0
DA:3603,0
DA:3605,0
DA:3606,0
DA:3607,0
DA:3608,0
DA:3611,0
DA:3668,0
DA:3675,0
DA:3676,0
DA:3677,0
DA:3680,0
DA:3681,0
DA:3682,0
DA:3683,0
DA:3686,0
DA:3687,0
DA:3688,0
DA:3691,0
DA:3692,0
DA:3693,0
DA:3696,0
DA:3697,0
DA:3698,0
DA:3701,0
DA:3702,0
DA:3703,0
DA:3706,0
DA:3707,0
DA:3708,0
DA:3711,0
DA:3712,0
DA:3713,0
DA:3714,0
DA:3717,0
DA:3718,0
DA:3719,0
DA:3722,0
DA:3723,0
DA:3724,0
DA:3727,0
DA:3728,0
DA:3729,0
DA:3735,0
DA:3742,0
DA:3743,0
DA:3744,0
DA:3747,0
DA:3748,0
DA:3749,0
DA:3752,0
DA:3753,0
DA:3754,0
DA:3757,0
DA:3758,0
DA:3759,0
DA:3762,0
DA:3763,0
DA:3764,0
DA:3767,0
DA:3768,0
DA:3769,0
DA:3772,0
DA:3773,0
DA:3774,0
DA:3777,0
DA:3778,0
DA:3779,0
DA:3782,0
DA:3783,0
DA:3784,0
DA:3787,0
DA:3788,0
DA:3789,0
DA:3792,0
DA:3793,0
DA:3794,0
DA:3800,0
DA:3807,0
DA:3808,0
DA:3810,0
DA:3811,0
DA:3813,0
DA:3814,0
DA:3815,0
DA:3818,0
DA:3819,0
DA:3821,0
DA:3822,0
DA:3823,0
DA:3826,0
DA:3827,0
DA:3829,0
DA:3830,0
DA:3832,0
DA:3833,0
DA:3835,0
DA:3836,0
DA:3837,0
DA:3840,0
DA:3841,0
DA:3843,0
DA:3844,0
DA:3862,0
DA:3863,0
DA:3864,0
DA:3868,0
DA:3870,0
DA:3872,0
DA:3874,0
DA:3886,0
DA:3900,0
DA:3912,0
DA:3926,0
DA:3928,0
DA:3929,0
DA:3930,0
DA:3931,0
DA:3934,0
DA:3989,0
DA:3996,0
DA:3997,0
DA:3998,0
DA:4001,0
DA:4002,0
DA:4003,0
DA:4006,0
DA:4007,0
DA:4008,0
DA:4011,0
DA:4012,0
DA:4013,0
DA:4014,0
DA:4017,0
DA:4018,0
DA:4019,0
DA:4022,0
DA:4023,0
DA:4024,0
DA:4027,0
DA:4028,0
DA:4029,0
DA:4032,0
DA:4033,0
DA:4034,0
DA:4037,0
DA:4038,0
DA:4039,0
DA:4042,0
DA:4043,0
DA:4044,0
DA:4047,0
DA:4048,0
DA:4049,0
DA:4052,0
DA:4053,0
DA:4054,0
DA:4057,0
DA:4058,0
DA:4059,0
DA:4065,0
DA:4072,0
DA:4073,0
DA:4074,0
DA:4077,0
DA:4078,0
DA:4079,0
DA:4082,0
DA:4083,0
DA:4084,0
DA:4087,0
DA:4088,0
DA:4089,0
DA:4092,0
DA:4093,0
DA:4094,0
DA:4097,0
DA:4098,0
DA:4099,0
DA:4102,0
DA:4103,0
DA:4104,0
DA:4107,0
DA:4108,0
DA:4109,0
DA:4112,0
DA:4113,0
DA:4114,0
DA:4117,0
DA:4118,0
DA:4119,0
DA:4122,0
DA:4123,0
DA:4124,0
DA:4127,0
DA:4128,0
DA:4129,0
DA:4132,0
DA:4133,0
DA:4134,0
DA:4140,0
DA:4147,0
DA:4148,0
DA:4150,0
DA:4151,0
DA:4152,0
DA:4155,0
DA:4156,0
DA:4157,0
DA:4160,0
DA:4161,0
DA:4163,0
DA:4164,0
DA:4165,0
DA:4168,0
DA:4169,0
DA:4171,0
DA:4172,0
DA:4173,0
DA:4176,0
DA:4177,0
DA:4179,0
DA:4180,0
DA:4181,0
DA:4184,0
DA:4185,0
DA:4187,0
DA:4188,0
DA:4190,0
DA:4191,0
DA:4193,0
DA:4194,0
DA:4215,0
DA:4216,0
DA:4217,0
DA:4221,0
DA:4223,0
DA:4225,0
DA:4226,0
DA:4228,0
DA:4242,0
DA:4258,0
DA:4272,0
DA:4288,0
DA:4290,0
DA:4291,0
DA:4292,0
DA:4293,0
DA:4296,0
DA:4336,0
DA:4343,0
DA:4344,0
DA:4345,0
DA:4348,0
DA:4349,0
DA:4350,0
DA:4353,0
DA:4358,0
DA:4359,0
DA:4360,0
DA:4363,0
DA:4364,0
DA:4365,0
DA:4371,0
DA:4378,0
DA:4379,0
DA:4380,0
DA:4383,0
DA:4384,0
DA:4385,0
DA:4388,0
DA:4389,0
DA:4390,0
DA:4393,0
DA:4394,0
DA:4395,0
DA:4401,0
DA:4408,0
DA:4409,0
DA:4411,0
DA:4412,0
DA:4414,0
DA:4415,0
DA:4417,0
DA:4418,0
DA:4439,0
DA:4442,0
DA:4443,0
DA:4447,0
DA:4449,0
DA:4450,0
DA:4452,0
DA:4457,0
DA:4462,0
DA:4469,0
DA:4474,0
DA:4481,0
DA:4483,0
DA:4484,0
DA:4485,0
DA:4486,0
DA:4489,0
DA:4535,0
DA:4542,0
DA:4543,0
DA:4544,0
DA:4547,0
DA:4548,0
DA:4549,0
DA:4552,0
DA:4553,0
DA:4554,0
DA:4557,0
DA:4558,0
DA:4559,0
DA:4560,0
DA:4563,0
DA:4564,0
DA:4565,0
DA:4568,0
DA:4569,0
DA:4570,0
DA:4573,0
DA:4574,0
DA:4575,0
DA:4581,0
DA:4588,0
DA:4589,0
DA:4590,0
DA:4593,0
DA:4594,0
DA:4595,0
DA:4598,0
DA:4599,0
DA:4600,0
DA:4603,0
DA:4604,0
DA:4605,0
DA:4608,0
DA:4609,0
DA:4610,0
DA:4613,0
DA:4614,0
DA:4615,0
DA:4618,0
DA:4619,0
DA:4620,0
DA:4626,0
DA:4633,0
DA:4634,0
DA:4636,0
DA:4637,0
DA:4639,0
DA:4640,0
DA:4642,0
DA:4643,0
DA:4645,0
DA:4646,0
DA:4648,0
DA:4649,0
DA:4651,0
DA:4652,0
DA:4670,0
DA:4671,0
DA:4672,0
DA:4676,0
DA:4678,0
DA:4680,0
DA:4682,0
DA:4690,0
DA:4700,0
DA:4708,0
DA:4718,0
DA:4720,0
DA:4721,0
DA:4722,0
DA:4723,0
DA:4726,0
DA:4749,0
DA:4750,0
DA:4751,0
DA:4752,0
DA:4753,0
DA:4754,0
DA:4755,0
DA:4756,0
DA:4757,0
DA:4758,0
DA:4759,0
DA:4760,0
DA:4761,0
LF:2022
LH:646
end_of_record
SF:lib/data/local/database.dart
DA:25,0
DA:26,0
DA:41,12
DA:43,6
DA:46,6
DA:47,6
DA:48,6
DA:49,6
DA:50,12
DA:51,18
DA:52,18
DA:55,18
DA:56,6
DA:63,6
DA:68,0
DA:69,0
DA:70,0
DA:72,0
DA:73,0
DA:74,0
DA:80,0
DA:81,0
DA:82,0
DA:83,0
DA:84,0
LF:25
LH:12
end_of_record
SF:lib/data/model/budget.dart
DA:13,3
DA:22,1
DA:30,1
DA:31,1
DA:32,0
DA:33,0
DA:34,1
DA:35,1
DA:36,1
DA:40,2
DA:41,2
DA:42,2
DA:43,2
DA:44,2
DA:45,2
DA:46,2
DA:47,2
DA:51,1
DA:52,1
DA:53,1
DA:54,1
DA:55,1
DA:56,1
DA:57,2
DA:58,1
DA:62,0
DA:63,0
DA:64,0
DA:65,0
DA:66,0
DA:67,0
DA:68,0
DA:69,0
DA:70,0
DA:74,0
DA:75,0
DA:76,0
DA:77,0
DA:78,0
DA:79,0
DA:80,0
DA:81,0
DA:82,0
DA:83,0
LF:44
LH:23
end_of_record
SF:lib/data/model/color_gradient.dart
DA:10,4
DA:18,2
DA:19,2
DA:20,2
DA:21,2
DA:22,2
DA:23,2
DA:28,1
DA:29,1
DA:30,1
DA:31,1
DA:32,1
DA:33,1
DA:38,0
DA:40,0
LF:15
LH:13
end_of_record
SF:lib/data/model/loan.dart
DA:17,2
DA:30,1
DA:42,1
DA:43,1
DA:44,1
DA:45,0
DA:46,1
DA:47,1
DA:48,1
DA:49,1
DA:50,0
DA:51,0
DA:52,1
DA:56,2
DA:57,2
DA:58,2
DA:59,2
DA:60,2
DA:61,2
DA:62,2
DA:63,2
DA:64,2
DA:65,2
DA:66,2
DA:67,2
DA:73,0
DA:74,0
DA:75,0
DA:76,0
DA:77,0
DA:78,0
DA:79,0
DA:80,0
DA:81,0
DA:82,0
DA:83,0
DA:84,0
DA:91,0
DA:93,0
DA:96,0
DA:97,0
DA:98,0
DA:99,0
DA:100,0
DA:101,0
DA:102,0
DA:103,0
DA:104,0
DA:105,0
DA:106,0
DA:112,0
DA:114,0
DA:117,0
DA:118,0
DA:119,0
DA:120,0
DA:121,0
DA:122,0
DA:123,0
DA:124,0
DA:125,0
DA:126,0
DA:127,0
DA:128,0
LF:64
LH:22
end_of_record
SF:lib/data/model/pocket.dart
DA:17,3
DA:32,1
DA:43,1
DA:44,1
DA:45,0
DA:46,1
DA:47,1
DA:48,0
DA:49,1
DA:50,1
DA:51,1
DA:52,1
DA:58,1
DA:62,2
DA:63,1
DA:64,1
DA:65,1
DA:66,1
DA:67,1
DA:68,1
DA:69,1
DA:71,1
DA:72,1
DA:80,1
DA:81,2
DA:83,0
DA:86,0
DA:89,1
DA:90,1
DA:91,1
DA:92,1
DA:93,1
DA:94,1
DA:96,1
DA:103,1
DA:105,1
DA:108,2
DA:110,0
DA:113,0
DA:116,1
DA:117,1
DA:118,1
DA:119,1
DA:120,1
DA:121,1
DA:122,1
DA:124,1
DA:125,1
LF:48
LH:42
end_of_record
SF:lib/data/model/transaction.dart
DA:20,3
DA:37,0
DA:38,3
DA:39,0
DA:40,3
DA:43,1
DA:44,2
DA:45,2
DA:49,1
DA:64,1
DA:65,1
DA:66,1
DA:67,1
DA:68,0
DA:69,1
DA:70,1
DA:72,1
DA:73,1
DA:74,0
DA:75,0
DA:76,1
DA:77,1
DA:78,1
DA:83,1
DA:84,1
DA:85,1
DA:86,1
DA:87,1
DA:88,1
DA:89,1
DA:90,1
DA:91,1
DA:92,1
DA:93,1
DA:94,1
DA:95,1
DA:96,1
DA:97,1
DA:103,1
DA:104,1
DA:105,2
DA:106,2
DA:107,1
DA:108,2
DA:109,2
DA:110,2
DA:111,2
DA:112,1
DA:113,1
DA:114,2
DA:115,1
DA:121,0
DA:123,0
DA:126,0
DA:127,0
DA:128,0
DA:129,0
DA:130,0
DA:131,0
DA:132,0
DA:133,0
DA:134,0
DA:135,0
DA:136,0
DA:137,0
DA:138,0
DA:144,0
DA:146,0
DA:149,0
DA:150,0
DA:151,0
DA:152,0
DA:153,0
DA:154,0
DA:155,0
DA:156,0
DA:157,0
DA:158,0
DA:159,0
DA:160,0
DA:161,0
DA:162,0
LF:82
LH:46
end_of_record
SF:lib/data/model/transaction_type.dart
DA:16,1
DA:18,1
DA:20,1
DA:22,1
DA:24,1
DA:26,1
DA:28,1
DA:30,1
DA:32,1
DA:34,1
DA:40,1
DA:41,1
DA:42,1
DA:43,1
DA:44,1
DA:50,3
DA:52,4
DA:54,4
DA:56,7
DA:57,7
LF:20
LH:20
end_of_record
SF:lib/viewmodels/add_transaction_view_model.dart
DA:34,1
DA:48,1
DA:53,1
DA:55,2
DA:57,1
DA:58,2
DA:59,1
DA:61,6
DA:65,1
DA:66,6
DA:68,1
DA:85,1
DA:86,1
DA:87,1
DA:88,1
DA:89,1
DA:90,1
DA:92,2
DA:94,1
DA:95,0
DA:98,1
DA:99,1
DA:102,1
DA:103,1
DA:106,1
DA:107,1
DA:109,1
DA:110,1
DA:111,1
DA:115,1
DA:116,3
DA:117,2
DA:118,2
DA:119,1
DA:120,1
DA:121,3
DA:123,0
DA:124,0
DA:126,0
DA:130,0
DA:131,0
DA:141,0
DA:143,0
DA:144,0
DA:145,0
DA:146,0
DA:148,0
DA:149,0
DA:150,0
DA:151,0
DA:152,0
DA:153,0
DA:157,0
DA:159,0
DA:165,0
DA:167,0
DA:171,0
DA:172,0
DA:176,0
DA:178,0
DA:179,0
DA:180,0
DA:182,0
DA:183,0
DA:186,0
DA:190,0
DA:192,0
DA:197,0
DA:198,0
DA:200,0
DA:203,0
DA:204,0
DA:206,0
DA:209,0
DA:210,0
DA:212,0
DA:215,0
DA:216,0
DA:218,0
DA:219,0
DA:222,0
DA:223,0
DA:225,0
DA:228,0
DA:229,0
DA:231,0
DA:234,0
DA:235,0
DA:237,0
DA:240,0
DA:241,0
DA:243,0
DA:246,0
DA:247,0
DA:248,0
DA:250,0
DA:252,0
DA:253,0
DA:254,0
DA:255,0
DA:256,0
DA:258,0
DA:259,0
DA:261,0
DA:262,0
DA:263,0
DA:264,0
DA:268,0
DA:269,0
DA:270,0
DA:271,0
DA:275,0
DA:276,0
DA:277,0
DA:279,0
DA:282,0
DA:283,0
DA:287,0
DA:288,0
DA:291,0
DA:294,0
DA:295,0
DA:301,0
DA:302,0
DA:309,0
DA:311,0
DA:313,0
DA:315,0
LF:128
LH:35
end_of_record
SF:lib/data/local/default_values/default_categories.dart
DA:5,6
DA:6,6
DA:8,6
DA:9,6
DA:11,6
DA:15,6
DA:17,6
DA:18,6
DA:19,6
DA:20,6
DA:21,6
DA:22,6
DA:23,6
DA:24,6
DA:25,6
DA:26,6
DA:27,6
DA:28,6
DA:29,6
DA:31,6
DA:32,6
DA:33,6
DA:34,6
DA:35,6
DA:36,6
LF:25
LH:25
end_of_record
SF:lib/data/local/default_values/default_gradients.dart
DA:4,18
DA:5,6
DA:7,6
DA:8,6
DA:12,6
DA:14,6
DA:16,6
DA:18,6
DA:20,6
DA:22,6
DA:24,6
DA:26,6
DA:28,6
DA:30,6
DA:32,6
DA:34,6
LF:16
LH:16
end_of_record
SF:lib/data/local/tables/budgets.dart
DA:5,0
DA:6,0
DA:7,0
DA:8,0
DA:9,0
DA:10,0
DA:11,0
LF:7
LH:0
end_of_record
SF:lib/data/local/tables/color_gradients.dart
DA:5,0
DA:6,0
DA:7,0
DA:8,0
LF:4
LH:0
end_of_record
SF:lib/data/local/tables/loans.dart
DA:6,0
DA:7,0
DA:8,0
DA:9,0
DA:10,0
DA:11,0
DA:12,0
DA:13,0
DA:14,0
DA:15,0
DA:16,0
LF:11
LH:0
end_of_record
SF:lib/data/local/tables/pockets.dart
DA:4,0
DA:5,0
DA:6,0
DA:7,0
DA:8,0
DA:9,0
DA:10,0
DA:11,0
DA:12,0
DA:13,0
LF:10
LH:0
end_of_record
SF:lib/data/local/tables/transaction_categories.dart
DA:5,0
DA:6,0
DA:7,0
DA:8,0
DA:9,0
DA:10,0
LF:6
LH:0
end_of_record
SF:lib/data/local/tables/transactions.dart
DA:5,0
DA:6,0
DA:7,0
DA:8,0
DA:9,0
DA:10,0
DA:11,0
DA:12,0
DA:14,0
DA:15,0
DA:16,0
DA:17,0
DA:18,0
DA:20,0
DA:21,0
DA:22,0
DA:23,0
DA:24,0
DA:25,0
DA:26,0
DA:27,0
LF:21
LH:0
end_of_record
SF:lib/data/model/type_converter/budget_period_converter.dart
DA:5,3
DA:7,2
DA:8,2
DA:10,2
DA:11,2
LF:5
LH:5
end_of_record
SF:lib/data/model/type_converter/color_list_converter.dart
DA:7,3
DA:9,3
DA:11,3
DA:12,12
DA:15,7
DA:17,35
LF:6
LH:6
end_of_record
SF:lib/data/model/type_converter/loan_status_converter.dart
DA:6,3
DA:8,2
DA:9,2
DA:11,3
DA:12,3
LF:5
LH:5
end_of_record
SF:lib/data/model/type_converter/loan_type_converter.dart
DA:5,3
DA:7,2
DA:8,2
DA:10,3
DA:11,3
LF:5
LH:5
end_of_record
SF:lib/utils/error_handler/app_error.dart
DA:8,11
DA:10,7
DA:12,28
DA:16,7
DA:17,7
DA:21,7
DA:22,21
DA:26,11
DA:30,0
DA:34,0
DA:38,0
DA:42,0
DA:46,0
DA:50,0
LF:14
LH:8
end_of_record
SF:lib/repositories/budget_repository.dart
DA:8,3
DA:9,0
DA:10,0
DA:15,1
DA:17,1
DA:19,5
DA:21,2
DA:25,1
DA:27,5
DA:29,0
DA:33,1
DA:35,4
DA:36,5
DA:38,0
DA:42,0
DA:44,0
DA:45,0
DA:47,0
DA:51,1
DA:54,5
DA:55,3
DA:56,1
DA:57,4
DA:58,5
DA:60,0
DA:65,1
DA:71,1
DA:73,4
DA:74,6
DA:75,5
DA:76,5
DA:77,1
DA:78,5
DA:79,4
DA:81,1
DA:82,5
DA:84,0
DA:89,0
DA:95,0
DA:96,0
DA:97,0
DA:98,0
DA:99,0
DA:100,0
DA:101,0
DA:103,0
DA:104,0
DA:106,0
DA:111,1
DA:112,1
DA:114,1
DA:116,0
DA:117,0
DA:118,0
DA:119,0
DA:120,0
DA:122,0
DA:123,1
DA:124,0
DA:125,0
DA:127,0
DA:128,0
DA:129,0
DA:130,0
DA:131,0
DA:134,0
DA:135,0
DA:136,0
DA:137,0
DA:141,0
DA:143,1
DA:144,0
DA:145,0
DA:147,0
DA:148,0
DA:149,0
DA:150,0
DA:151,0
DA:154,0
DA:155,0
DA:156,0
DA:157,0
DA:161,0
DA:163,1
DA:165,1
DA:172,0
DA:174,0
DA:175,0
LF:88
LH:34
end_of_record
SF:lib/repositories/color_gradient_repository.dart
DA:8,0
DA:11,0
DA:12,0
DA:18,2
DA:23,1
DA:25,5
DA:26,0
DA:28,2
DA:35,1
DA:37,6
DA:39,0
DA:46,2
DA:49,8
DA:50,10
DA:52,2
DA:53,1
DA:54,1
DA:55,1
DA:58,2
DA:64,1
DA:66,6
DA:68,0
DA:74,1
DA:76,4
DA:77,5
DA:79,0
LF:26
LH:19
end_of_record
SF:lib/repositories/pocket_repository.dart
DA:8,3
DA:9,0
DA:10,0
DA:11,0
DA:19,1
DA:24,1
DA:26,5
DA:27,0
DA:28,0
DA:29,0
DA:30,0
DA:36,2
DA:43,1
DA:45,6
DA:47,0
DA:54,1
DA:57,4
DA:58,5
DA:60,1
DA:62,3
DA:65,0
DA:71,1
DA:73,6
DA:75,0
DA:81,1
DA:83,4
DA:84,5
DA:86,0
LF:28
LH:17
end_of_record
SF:lib/repositories/transaction_categories_repository.dart
DA:7,2
DA:8,1
DA:9,0
DA:10,0
DA:15,1
DA:17,1
DA:19,5
DA:21,1
DA:24,1
DA:28,1
DA:32,4
DA:33,4
DA:34,1
DA:36,0
DA:39,0
DA:43,1
DA:47,1
DA:48,3
DA:49,1
DA:51,0
DA:54,0
DA:58,1
DA:60,4
DA:61,5
DA:63,0
DA:66,0
DA:70,0
DA:74,0
DA:75,0
DA:76,0
DA:78,0
DA:81,0
DA:85,1
DA:87,4
DA:88,5
DA:90,0
DA:93,0
DA:97,1
DA:99,4
DA:100,5
DA:101,1
DA:102,1
DA:103,2
DA:107,0
DA:110,0
LF:45
LH:27
end_of_record
SF:lib/repositories/transaction_repository.dart
DA:6,3
DA:7,0
DA:8,0
DA:13,1
DA:15,1
DA:17,5
DA:19,2
DA:23,1
DA:25,5
DA:27,0
DA:31,1
DA:33,5
DA:35,0
DA:39,1
DA:41,4
DA:42,5
DA:44,0
DA:48,1
DA:50,4
DA:51,5
DA:53,0
DA:57,1
DA:59,4
DA:60,5
DA:62,0
DA:65,0
DA:69,1
DA:71,4
DA:72,5
DA:74,0
DA:77,0
DA:81,1
DA:85,4
DA:86,5
DA:88,0
DA:91,0
DA:95,1
DA:99,4
DA:100,5
DA:102,0
DA:105,0
DA:111,1
DA:113,4
DA:114,1
DA:115,1
DA:116,3
DA:117,2
DA:119,5
DA:120,1
DA:122,0
DA:125,0
DA:129,1
DA:131,4
DA:132,5
DA:134,0
LF:55
LH:38
end_of_record
SF:lib/utils/global.dart
DA:3,21
LF:1
LH:1
end_of_record
SF:lib/viewmodels/budget_view_model.dart
DA:12,2
DA:14,10
DA:15,1
DA:16,8
DA:17,5
DA:19,2
DA:20,14
DA:21,2
DA:22,2
DA:27,2
DA:28,1
DA:35,1
DA:37,4
DA:38,1
DA:41,1
DA:42,2
DA:43,2
DA:44,1
DA:45,1
DA:46,3
DA:47,1
DA:48,1
DA:49,1
DA:54,1
DA:55,3
DA:56,4
DA:62,1
DA:63,1
DA:65,3
DA:66,3
DA:68,2
DA:73,0
DA:74,0
DA:76,0
DA:77,0
DA:79,0
DA:84,0
DA:85,0
DA:87,0
DA:88,0
DA:90,0
DA:95,0
DA:96,0
DA:98,0
DA:100,0
DA:107,0
DA:108,0
DA:109,0
DA:110,0
LF:49
LH:31
end_of_record
SF:lib/viewmodels/pocket_view_model.dart
DA:6,2
DA:7,1
DA:12,1
DA:14,4
DA:15,1
DA:18,1
DA:20,2
DA:22,0
DA:27,1
DA:28,1
DA:29,4
DA:32,1
DA:34,2
DA:35,1
DA:37,0
DA:42,0
DA:44,0
DA:46,0
DA:51,0
DA:53,0
DA:54,0
DA:56,0
DA:61,1
DA:63,2
DA:64,0
DA:66,3
LF:26
LH:16
end_of_record
SF:lib/viewmodels/transaction_view_model.dart
DA:7,2
DA:8,1
DA:15,1
DA:17,4
DA:18,1
DA:21,1
DA:23,2
DA:24,2
DA:26,0
DA:31,1
DA:32,1
DA:33,4
DA:36,1
DA:38,2
DA:39,1
DA:41,1
DA:43,0
DA:48,0
DA:50,0
DA:52,0
DA:54,0
DA:59,0
DA:61,0
DA:62,0
DA:64,0
DA:66,0
DA:71,1
DA:73,2
DA:74,0
DA:76,2
DA:83,0
DA:86,0
DA:87,0
DA:89,0
DA:97,1
DA:98,2
DA:99,0
DA:101,5
LF:38
LH:21
end_of_record
SF:lib/viewmodels/settings_view_model.dart
DA:6,0
DA:7,0
DA:8,0
DA:11,3
DA:18,1
DA:20,1
DA:24,1
DA:25,1
DA:26,1
DA:29,1
DA:30,1
DA:31,1
DA:36,1
DA:37,3
DA:38,0
DA:41,2
DA:42,1
DA:46,1
DA:47,1
DA:48,2
LF:20
LH:16
end_of_record
SF:lib/viewmodels/category_view_model.dart
DA:8,2
DA:9,1
DA:16,1
DA:18,4
DA:19,2
DA:22,1
DA:24,2
DA:25,1
DA:27,1
DA:28,1
DA:31,2
DA:32,3
DA:35,0
DA:39,1
DA:41,2
DA:42,0
DA:43,0
DA:46,2
DA:50,0
DA:52,0
DA:53,0
DA:54,0
DA:57,0
LF:23
LH:15
end_of_record
SF:lib/repositories/loan_repository.dart
DA:7,3
DA:8,0
DA:9,0
DA:14,2
DA:16,1
DA:18,5
DA:20,2
DA:24,2
DA:26,10
DA:28,0
DA:32,1
DA:34,4
DA:35,5
DA:37,0
DA:41,1
DA:43,4
DA:44,6
DA:46,0
DA:50,1
DA:52,4
DA:53,6
DA:55,0
DA:59,1
DA:61,4
DA:62,5
DA:64,0
DA:67,0
DA:71,1
DA:76,5
DA:77,3
DA:78,1
DA:80,0
DA:84,1
DA:86,5
DA:87,3
DA:88,3
DA:90,0
DA:94,1
DA:96,4
DA:97,7
DA:99,0
DA:103,1
DA:105,5
DA:106,3
DA:107,3
DA:109,0
LF:46
LH:34
end_of_record
SF:lib/viewmodels/loan_view_model.dart
DA:8,3
DA:15,1
DA:17,4
DA:18,1
DA:21,1
DA:23,2
DA:24,2
DA:25,0
DA:26,0
DA:27,0
DA:31,1
DA:32,1
DA:33,4
DA:36,1
DA:38,2
DA:39,0
DA:40,1
DA:41,3
DA:42,1
DA:46,0
DA:48,0
DA:49,0
DA:50,0
DA:51,0
DA:52,0
DA:56,1
DA:58,2
DA:59,2
DA:60,0
DA:61,0
DA:62,0
DA:66,0
DA:68,0
DA:69,0
DA:70,0
DA:71,0
DA:72,0
DA:76,0
DA:78,0
DA:81,0
DA:82,0
DA:83,0
DA:84,0
DA:88,0
DA:90,0
DA:91,0
DA:92,0
DA:93,0
DA:94,0
DA:98,1
DA:100,2
DA:101,1
DA:102,0
DA:103,0
DA:104,0
LF:55
LH:21
end_of_record
SF:lib/utils/currency_utils.dart
DA:4,0
DA:9,1
DA:11,2
DA:20,1
DA:22,2
DA:24,0
LF:6
LH:4
end_of_record
