SF:lib/data/local/database.dart
DA:25,0
DA:26,0
DA:41,12
DA:43,6
DA:46,6
DA:47,6
DA:48,6
DA:49,6
DA:50,12
DA:51,18
DA:52,18
DA:55,18
DA:56,6
DA:63,6
DA:68,0
DA:69,0
DA:70,0
DA:72,0
DA:73,0
DA:74,0
DA:80,0
DA:81,0
DA:82,0
DA:83,0
DA:84,0
LF:25
LH:12
end_of_record
SF:lib/data/model/budget.dart
DA:13,3
DA:22,1
DA:30,1
DA:31,1
DA:32,0
DA:33,0
DA:34,1
DA:35,1
DA:36,1
DA:40,2
DA:41,2
DA:42,2
DA:43,2
DA:44,2
DA:45,2
DA:46,2
DA:47,2
DA:51,1
DA:52,1
DA:53,1
DA:54,1
DA:55,1
DA:56,1
DA:57,2
DA:58,1
DA:62,0
DA:63,0
DA:64,0
DA:65,0
DA:66,0
DA:67,0
DA:68,0
DA:69,0
DA:70,0
DA:74,0
DA:75,0
DA:76,0
DA:77,0
DA:78,0
DA:79,0
DA:80,0
DA:81,0
DA:82,0
DA:83,0
LF:44
LH:23
end_of_record
SF:lib/data/model/color_gradient.dart
DA:10,4
DA:18,2
DA:19,2
DA:20,2
DA:21,2
DA:22,2
DA:23,2
DA:28,1
DA:29,1
DA:30,1
DA:31,1
DA:32,1
DA:33,1
DA:38,0
DA:40,0
LF:15
LH:13
end_of_record
SF:lib/data/model/loan.dart
DA:17,2
DA:30,1
DA:42,1
DA:43,1
DA:44,1
DA:45,0
DA:46,1
DA:47,1
DA:48,1
DA:49,1
DA:50,0
DA:51,0
DA:52,1
DA:56,2
DA:57,2
DA:58,2
DA:59,2
DA:60,2
DA:61,2
DA:62,2
DA:63,2
DA:64,2
DA:65,2
DA:66,2
DA:67,2
DA:73,0
DA:74,0
DA:75,0
DA:76,0
DA:77,0
DA:78,0
DA:79,0
DA:80,0
DA:81,0
DA:82,0
DA:83,0
DA:84,0
DA:91,0
DA:93,0
DA:96,0
DA:97,0
DA:98,0
DA:99,0
DA:100,0
DA:101,0
DA:102,0
DA:103,0
DA:104,0
DA:105,0
DA:106,0
DA:112,0
DA:114,0
DA:117,0
DA:118,0
DA:119,0
DA:120,0
DA:121,0
DA:122,0
DA:123,0
DA:124,0
DA:125,0
DA:126,0
DA:127,0
DA:128,0
LF:64
LH:22
end_of_record
SF:lib/data/model/pocket.dart
DA:17,3
DA:32,1
DA:43,1
DA:44,1
DA:45,0
DA:46,1
DA:47,1
DA:48,0
DA:49,1
DA:50,1
DA:51,1
DA:52,1
DA:58,1
DA:62,2
DA:63,1
DA:64,1
DA:65,1
DA:66,1
DA:67,1
DA:68,1
DA:69,1
DA:71,1
DA:72,1
DA:80,1
DA:81,2
DA:83,0
DA:86,0
DA:89,1
DA:90,1
DA:91,1
DA:92,1
DA:93,1
DA:94,1
DA:96,1
DA:103,1
DA:105,1
DA:108,2
DA:110,0
DA:113,0
DA:116,1
DA:117,1
DA:118,1
DA:119,1
DA:120,1
DA:121,1
DA:122,1
DA:124,1
DA:125,1
LF:48
LH:42
end_of_record
SF:lib/data/model/transaction.dart
DA:20,3
DA:37,0
DA:38,3
DA:39,0
DA:40,3
DA:43,1
DA:44,2
DA:45,2
DA:49,1
DA:64,1
DA:65,1
DA:66,1
DA:67,1
DA:68,0
DA:69,1
DA:70,1
DA:72,1
DA:73,1
DA:74,0
DA:75,0
DA:76,1
DA:77,1
DA:78,1
DA:83,1
DA:84,1
DA:85,1
DA:86,1
DA:87,1
DA:88,1
DA:89,1
DA:90,1
DA:91,1
DA:92,1
DA:93,1
DA:94,1
DA:95,1
DA:96,1
DA:97,1
DA:103,1
DA:104,1
DA:105,2
DA:106,2
DA:107,1
DA:108,2
DA:109,2
DA:110,2
DA:111,2
DA:112,1
DA:113,1
DA:114,2
DA:115,1
DA:121,0
DA:123,0
DA:126,0
DA:127,0
DA:128,0
DA:129,0
DA:130,0
DA:131,0
DA:132,0
DA:133,0
DA:134,0
DA:135,0
DA:136,0
DA:137,0
DA:138,0
DA:144,0
DA:146,0
DA:149,0
DA:150,0
DA:151,0
DA:152,0
DA:153,0
DA:154,0
DA:155,0
DA:156,0
DA:157,0
DA:158,0
DA:159,0
DA:160,0
DA:161,0
DA:162,0
LF:82
LH:46
end_of_record
SF:lib/data/model/transaction_type.dart
DA:16,1
DA:18,1
DA:20,1
DA:22,1
DA:24,1
DA:26,1
DA:28,1
DA:30,1
DA:32,1
DA:34,1
DA:40,1
DA:41,1
DA:42,1
DA:43,1
DA:44,1
DA:50,3
DA:52,4
DA:54,4
DA:56,7
DA:57,7
LF:20
LH:20
end_of_record
SF:lib/viewmodels/add_transaction_view_model.dart
DA:34,1
DA:48,1
DA:53,1
DA:55,2
DA:57,1
DA:58,2
DA:59,1
DA:61,6
DA:65,1
DA:66,6
DA:68,1
DA:85,1
DA:86,1
DA:87,1
DA:88,1
DA:89,1
DA:90,1
DA:92,2
DA:94,1
DA:95,0
DA:98,1
DA:99,1
DA:102,1
DA:103,1
DA:106,1
DA:107,1
DA:109,1
DA:110,1
DA:111,1
DA:115,1
DA:116,3
DA:117,2
DA:118,2
DA:119,1
DA:120,1
DA:121,3
DA:123,0
DA:124,0
DA:126,0
DA:130,0
DA:131,0
DA:141,0
DA:143,0
DA:144,0
DA:145,0
DA:146,0
DA:148,0
DA:149,0
DA:150,0
DA:151,0
DA:152,0
DA:153,0
DA:157,0
DA:159,0
DA:165,0
DA:167,0
DA:171,0
DA:172,0
DA:176,0
DA:178,0
DA:179,0
DA:180,0
DA:182,0
DA:183,0
DA:186,0
DA:190,0
DA:192,0
DA:197,0
DA:198,0
DA:200,0
DA:203,0
DA:204,0
DA:206,0
DA:209,0
DA:210,0
DA:212,0
DA:215,0
DA:216,0
DA:218,0
DA:219,0
DA:222,0
DA:223,0
DA:225,0
DA:228,0
DA:229,0
DA:231,0
DA:234,0
DA:235,0
DA:237,0
DA:240,0
DA:241,0
DA:243,0
DA:246,0
DA:247,0
DA:248,0
DA:250,0
DA:252,0
DA:253,0
DA:254,0
DA:255,0
DA:256,0
DA:258,0
DA:259,0
DA:261,0
DA:262,0
DA:263,0
DA:264,0
DA:268,0
DA:269,0
DA:270,0
DA:271,0
DA:275,0
DA:276,0
DA:277,0
DA:279,0
DA:282,0
DA:283,0
DA:287,0
DA:288,0
DA:291,0
DA:294,0
DA:295,0
DA:301,0
DA:302,0
DA:309,0
DA:311,0
DA:313,0
DA:315,0
LF:128
LH:35
end_of_record
SF:lib/data/local/default_values/default_categories.dart
DA:5,6
DA:6,6
DA:8,6
DA:9,6
DA:11,6
DA:15,6
DA:17,6
DA:18,6
DA:19,6
DA:20,6
DA:21,6
DA:22,6
DA:23,6
DA:24,6
DA:25,6
DA:26,6
DA:27,6
DA:28,6
DA:29,6
DA:31,6
DA:32,6
DA:33,6
DA:34,6
DA:35,6
DA:36,6
LF:25
LH:25
end_of_record
SF:lib/data/local/default_values/default_gradients.dart
DA:4,18
DA:5,6
DA:7,6
DA:8,6
DA:12,6
DA:14,6
DA:16,6
DA:18,6
DA:20,6
DA:22,6
DA:24,6
DA:26,6
DA:28,6
DA:30,6
DA:32,6
DA:34,6
LF:16
LH:16
end_of_record
SF:lib/data/local/tables/budgets.dart
DA:5,0
DA:6,0
DA:7,0
DA:8,0
DA:9,0
DA:10,0
DA:11,0
LF:7
LH:0
end_of_record
SF:lib/data/local/tables/color_gradients.dart
DA:5,0
DA:6,0
DA:7,0
DA:8,0
LF:4
LH:0
end_of_record
SF:lib/data/local/tables/loans.dart
DA:6,0
DA:7,0
DA:8,0
DA:9,0
DA:10,0
DA:11,0
DA:12,0
DA:13,0
DA:14,0
DA:15,0
DA:16,0
LF:11
LH:0
end_of_record
SF:lib/data/local/tables/pockets.dart
DA:4,0
DA:5,0
DA:6,0
DA:7,0
DA:8,0
DA:9,0
DA:10,0
DA:11,0
DA:12,0
DA:13,0
LF:10
LH:0
end_of_record
SF:lib/data/local/tables/transaction_categories.dart
DA:5,0
DA:6,0
DA:7,0
DA:8,0
DA:9,0
DA:10,0
LF:6
LH:0
end_of_record
SF:lib/data/local/tables/transactions.dart
DA:5,0
DA:6,0
DA:7,0
DA:8,0
DA:9,0
DA:10,0
DA:11,0
DA:12,0
DA:14,0
DA:15,0
DA:16,0
DA:17,0
DA:18,0
DA:20,0
DA:21,0
DA:22,0
DA:23,0
DA:24,0
DA:25,0
DA:26,0
DA:27,0
LF:21
LH:0
end_of_record
SF:lib/data/model/type_converter/budget_period_converter.dart
DA:5,3
DA:7,2
DA:8,2
DA:10,2
DA:11,2
LF:5
LH:5
end_of_record
SF:lib/data/model/type_converter/color_list_converter.dart
DA:7,3
DA:9,3
DA:11,3
DA:12,12
DA:15,7
DA:17,35
LF:6
LH:6
end_of_record
SF:lib/data/model/type_converter/loan_status_converter.dart
DA:6,3
DA:8,2
DA:9,2
DA:11,3
DA:12,3
LF:5
LH:5
end_of_record
SF:lib/data/model/type_converter/loan_type_converter.dart
DA:5,3
DA:7,2
DA:8,2
DA:10,3
DA:11,3
LF:5
LH:5
end_of_record
SF:lib/utils/error_handler/app_error.dart
DA:8,11
DA:10,7
DA:12,28
DA:16,7
DA:17,7
DA:21,7
DA:22,21
DA:26,11
DA:30,0
DA:34,0
DA:38,0
DA:42,0
DA:46,0
DA:50,0
LF:14
LH:8
end_of_record
SF:lib/repositories/budget_repository.dart
DA:8,3
DA:9,0
DA:10,0
DA:15,1
DA:17,1
DA:19,5
DA:21,2
DA:25,1
DA:27,5
DA:29,0
DA:33,1
DA:35,4
DA:36,5
DA:38,0
DA:42,0
DA:44,0
DA:45,0
DA:47,0
DA:51,1
DA:54,5
DA:55,3
DA:56,1
DA:57,4
DA:58,5
DA:60,0
DA:65,1
DA:71,1
DA:73,4
DA:74,6
DA:75,5
DA:76,5
DA:77,1
DA:78,5
DA:79,4
DA:81,1
DA:82,5
DA:84,0
DA:89,0
DA:95,0
DA:96,0
DA:97,0
DA:98,0
DA:99,0
DA:100,0
DA:101,0
DA:103,0
DA:104,0
DA:106,0
DA:111,1
DA:112,1
DA:114,1
DA:116,0
DA:117,0
DA:118,0
DA:119,0
DA:120,0
DA:122,0
DA:123,1
DA:124,0
DA:125,0
DA:127,0
DA:128,0
DA:129,0
DA:130,0
DA:131,0
DA:134,0
DA:135,0
DA:136,0
DA:137,0
DA:141,0
DA:143,1
DA:144,0
DA:145,0
DA:147,0
DA:148,0
DA:149,0
DA:150,0
DA:151,0
DA:154,0
DA:155,0
DA:156,0
DA:157,0
DA:161,0
DA:163,1
DA:165,1
DA:172,0
DA:174,0
DA:175,0
LF:88
LH:34
end_of_record
SF:lib/repositories/color_gradient_repository.dart
DA:8,0
DA:11,0
DA:12,0
DA:18,2
DA:23,1
DA:25,5
DA:26,0
DA:28,2
DA:35,1
DA:37,6
DA:39,0
DA:46,2
DA:49,8
DA:50,10
DA:52,2
DA:53,1
DA:54,1
DA:55,1
DA:58,2
DA:64,1
DA:66,6
DA:68,0
DA:74,1
DA:76,4
DA:77,5
DA:79,0
LF:26
LH:19
end_of_record
SF:lib/repositories/pocket_repository.dart
DA:8,3
DA:9,0
DA:10,0
DA:11,0
DA:19,1
DA:24,1
DA:26,5
DA:27,0
DA:28,0
DA:29,0
DA:30,0
DA:36,2
DA:43,1
DA:45,6
DA:47,0
DA:54,1
DA:57,4
DA:58,5
DA:60,1
DA:62,3
DA:65,0
DA:71,1
DA:73,6
DA:75,0
DA:81,1
DA:83,4
DA:84,5
DA:86,0
LF:28
LH:17
end_of_record
SF:lib/repositories/transaction_categories_repository.dart
DA:7,2
DA:8,1
DA:9,0
DA:10,0
DA:15,1
DA:17,1
DA:19,5
DA:21,1
DA:24,1
DA:28,1
DA:32,4
DA:33,4
DA:34,1
DA:36,0
DA:39,0
DA:43,1
DA:47,1
DA:48,3
DA:49,1
DA:51,0
DA:54,0
DA:58,1
DA:60,4
DA:61,5
DA:63,0
DA:66,0
DA:70,0
DA:74,0
DA:75,0
DA:76,0
DA:78,0
DA:81,0
DA:85,1
DA:87,4
DA:88,5
DA:90,0
DA:93,0
DA:97,1
DA:99,4
DA:100,5
DA:101,1
DA:102,1
DA:103,2
DA:107,0
DA:110,0
LF:45
LH:27
end_of_record
SF:lib/repositories/transaction_repository.dart
DA:6,3
DA:7,0
DA:8,0
DA:13,1
DA:15,1
DA:17,5
DA:19,2
DA:23,1
DA:25,5
DA:27,0
DA:31,1
DA:33,5
DA:35,0
DA:39,1
DA:41,4
DA:42,5
DA:44,0
DA:48,1
DA:50,4
DA:51,5
DA:53,0
DA:57,1
DA:59,4
DA:60,5
DA:62,0
DA:65,0
DA:69,1
DA:71,4
DA:72,5
DA:74,0
DA:77,0
DA:81,1
DA:85,4
DA:86,5
DA:88,0
DA:91,0
DA:95,1
DA:99,4
DA:100,5
DA:102,0
DA:105,0
DA:111,1
DA:113,4
DA:114,1
DA:115,1
DA:116,3
DA:117,2
DA:119,5
DA:120,1
DA:122,0
DA:125,0
DA:129,1
DA:131,4
DA:132,5
DA:134,0
LF:55
LH:38
end_of_record
SF:lib/utils/global.dart
DA:3,21
LF:1
LH:1
end_of_record
SF:lib/viewmodels/budget_view_model.dart
DA:12,2
DA:14,10
DA:15,1
DA:16,8
DA:17,5
DA:19,2
DA:20,14
DA:21,2
DA:22,2
DA:27,2
DA:28,1
DA:35,1
DA:37,4
DA:38,1
DA:41,1
DA:42,2
DA:43,2
DA:44,1
DA:45,1
DA:46,3
DA:47,1
DA:48,1
DA:49,1
DA:54,1
DA:55,3
DA:56,4
DA:62,1
DA:63,1
DA:65,3
DA:66,3
DA:68,2
DA:73,0
DA:74,0
DA:76,0
DA:77,0
DA:79,0
DA:84,0
DA:85,0
DA:87,0
DA:88,0
DA:90,0
DA:95,0
DA:96,0
DA:98,0
DA:100,0
DA:107,0
DA:108,0
DA:109,0
DA:110,0
LF:49
LH:31
end_of_record
SF:lib/viewmodels/pocket_view_model.dart
DA:6,2
DA:7,1
DA:12,1
DA:14,4
DA:15,1
DA:18,1
DA:20,2
DA:22,0
DA:27,1
DA:28,1
DA:29,4
DA:32,1
DA:34,2
DA:35,1
DA:37,0
DA:42,0
DA:44,0
DA:46,0
DA:51,0
DA:53,0
DA:54,0
DA:56,0
DA:61,1
DA:63,2
DA:64,0
DA:66,3
LF:26
LH:16
end_of_record
SF:lib/viewmodels/transaction_view_model.dart
DA:7,2
DA:8,1
DA:15,1
DA:17,4
DA:18,1
DA:21,1
DA:23,2
DA:24,2
DA:26,0
DA:31,1
DA:32,1
DA:33,4
DA:36,1
DA:38,2
DA:39,1
DA:41,1
DA:43,0
DA:48,0
DA:50,0
DA:52,0
DA:54,0
DA:59,0
DA:61,0
DA:62,0
DA:64,0
DA:66,0
DA:71,1
DA:73,2
DA:74,0
DA:76,2
DA:83,0
DA:86,0
DA:87,0
DA:89,0
DA:97,1
DA:98,2
DA:99,0
DA:101,5
LF:38
LH:21
end_of_record
SF:lib/viewmodels/settings_view_model.dart
DA:6,0
DA:7,0
DA:8,0
DA:11,3
DA:18,1
DA:20,1
DA:24,1
DA:25,1
DA:26,1
DA:29,1
DA:30,1
DA:31,1
DA:36,1
DA:37,3
DA:38,0
DA:41,2
DA:42,1
DA:46,1
DA:47,1
DA:48,2
LF:20
LH:16
end_of_record
SF:lib/viewmodels/category_view_model.dart
DA:8,2
DA:9,1
DA:16,1
DA:18,4
DA:19,2
DA:22,1
DA:24,2
DA:25,1
DA:27,1
DA:28,1
DA:31,2
DA:32,3
DA:35,0
DA:39,1
DA:41,2
DA:42,0
DA:43,0
DA:46,2
DA:50,0
DA:52,0
DA:53,0
DA:54,0
DA:57,0
LF:23
LH:15
end_of_record
SF:lib/repositories/loan_repository.dart
DA:7,3
DA:8,0
DA:9,0
DA:14,2
DA:16,1
DA:18,5
DA:20,2
DA:24,2
DA:26,10
DA:28,0
DA:32,1
DA:34,4
DA:35,5
DA:37,0
DA:41,1
DA:43,4
DA:44,6
DA:46,0
DA:50,1
DA:52,4
DA:53,6
DA:55,0
DA:59,1
DA:61,4
DA:62,5
DA:64,0
DA:67,0
DA:71,1
DA:76,5
DA:77,3
DA:78,1
DA:80,0
DA:84,1
DA:86,5
DA:87,3
DA:88,3
DA:90,0
DA:94,1
DA:96,4
DA:97,7
DA:99,0
DA:103,1
DA:105,5
DA:106,3
DA:107,3
DA:109,0
LF:46
LH:34
end_of_record
SF:lib/viewmodels/loan_view_model.dart
DA:8,3
DA:15,1
DA:17,4
DA:18,1
DA:21,1
DA:23,2
DA:24,2
DA:25,0
DA:26,0
DA:27,0
DA:31,1
DA:32,1
DA:33,4
DA:36,1
DA:38,2
DA:39,0
DA:40,1
DA:41,3
DA:42,1
DA:46,0
DA:48,0
DA:49,0
DA:50,0
DA:51,0
DA:52,0
DA:56,1
DA:58,2
DA:59,2
DA:60,0
DA:61,0
DA:62,0
DA:66,0
DA:68,0
DA:69,0
DA:70,0
DA:71,0
DA:72,0
DA:76,0
DA:78,0
DA:81,0
DA:82,0
DA:83,0
DA:84,0
DA:88,0
DA:90,0
DA:91,0
DA:92,0
DA:93,0
DA:94,0
DA:98,1
DA:100,2
DA:101,1
DA:102,0
DA:103,0
DA:104,0
LF:55
LH:21
end_of_record
SF:lib/utils/currency_utils.dart
DA:4,0
DA:9,1
DA:11,2
DA:20,1
DA:22,2
DA:24,0
LF:6
LH:4
end_of_record
